02:46:37,645 root INFO Launching app...
02:46:37,645 root INFO Attempt login to instagram
02:46:37,646 root INFO Folder /img is not empty. Starting upload process with 1 subfolders.
03:15:04,640 root INFO Launching app...
03:15:04,640 root INFO Attempt login to instagram
03:16:44,829 root INFO Launching app...
03:16:44,829 root INFO Attempt login to instagram
03:16:44,829 root ERROR Folder /media found.
03:17:38,570 root INFO Launching app...
03:17:38,570 root INFO Attempt login to instagram
03:17:38,571 root ERROR Folder /media found.
03:17:56,602 root INFO Launching app...
03:17:56,602 root INFO Attempt login to instagram
03:17:56,603 root ERROR Folder /media found.
03:18:19,421 root INFO Launching app...
03:18:19,421 root INFO Attempt login to instagram
03:18:19,422 root ERROR Folder /media found.
03:20:09,743 root INFO Launching app...
03:20:09,743 root INFO Attempt login to instagram
03:20:09,744 root ERROR Folder /media found.
03:21:12,535 root INFO Launching app...
03:21:12,535 root INFO Attempt login to instagram
03:21:12,535 root ERROR Folder /media found.
03:21:32,564 root INFO Launching app...
03:21:32,564 root INFO Attempt login to instagram
03:21:32,565 root ERROR Folder /media found.
03:22:07,105 root INFO Launching app...
03:22:07,105 root INFO Attempt login to instagram
03:22:07,105 root ERROR Folder /media found.
03:22:07,106 root INFO Folder /media is not empty. Starting upload process with 1 subfolders.
03:22:22,220 root INFO Launching app...
03:22:22,220 root INFO Attempt login to instagram
03:22:22,220 root ERROR Folder /media found.
03:22:22,220 root INFO Folder /media is not empty. Starting upload process with 1 subfolders.
03:23:52,469 root INFO 
03:23:52,469 root INFO 
03:23:52,469 root INFO Launching app...
03:23:52,469 root INFO Attempt login to instagram
03:23:52,469 root INFO Folder /media found.
03:23:52,469 root INFO Folder /media is not empty. Starting upload process with 1 subfolders.
